[echo -n] works
Configuring for [markdown]
Looking for cpp
CPP=[/usr/bin/cpp], CPPFLAGS=[]
looking for install
 (/usr/bin/install)
checking out the C compiler
checking for "volatile" keyword
checking for "const" keyword
Checking for "inline" keyword
defining WORD & DWORD scalar types
looking for header WinDef.h
test failed:  command was cc -Wno-return-type -Wno-implicit-int -c -o ngc7623.o ngc7623.c
output:
ngc7623.c:2:20: erreur fatale: WinDef.h : Aucun fichier ou dossier de ce type
 #include <WinDef.h>
                    ^
compilation terminée.
offending sources:
ngc7623.c:
/* AC_CHECK_HEADERS */
#include <WinDef.h>
main() { }
ngc7623.c: In function ‘main’:
ngc7623.c:28:2: attention : incompatible implicit declaration of built-in function ‘exit’
  exit(1);
  ^
looking for header libgen.h
looking for header pwd.h
looking for the getpwuid function
looking for the srandom function
looking for the bzero function
ngc7623.c: In function ‘main’:
ngc7623.c:4:5: attention : incompatible implicit declaration of built-in function ‘bzero’
     bzero((char*)0,0);
     ^
looking for the random function
looking for the strcasecmp function
ngc7623.c:1:6: attention : conflicting types for built-in function ‘strcasecmp’
 void strcasecmp();
      ^
looking for the strncasecmp function
ngc7623.c:1:6: attention : conflicting types for built-in function ‘strncasecmp’
 void strncasecmp();
      ^
looking for the fchdir function
looking for header malloc.h
find is /usr/bin/find
/usr/bin/ln exists, and ln -s works
./configure.inc: ligne 984: AC : commande introuvable
sed is /usr/bin/sed
generating Makefile
generating version.c
generating mkdio.h
